{"/Users/huseyinbiyik/repos/testing-exercise/calculate.js": {"path":"/Users/huseyinbiyik/repos/testing-exercise/calculate.js","statementMap":{"0":{"start":{"line":3,"column":4},"end":{"line":3,"column":17}},"1":{"start":{"line":6,"column":4},"end":{"line":6,"column":17}},"2":{"start":{"line":9,"column":4},"end":{"line":9,"column":17}},"3":{"start":{"line":12,"column":4},"end":{"line":12,"column":17}},"4":{"start":{"line":16,"column":0},"end":{"line":16,"column":27}}},"fnMap":{"0":{"name":"(anonymous_0)","decl":{"start":{"line":2,"column":2},"end":{"line":2,"column":3}},"loc":{"start":{"line":2,"column":23},"end":{"line":4,"column":3}},"line":2},"1":{"name":"(anonymous_1)","decl":{"start":{"line":5,"column":2},"end":{"line":5,"column":3}},"loc":{"start":{"line":5,"column":28},"end":{"line":7,"column":3}},"line":5},"2":{"name":"(anonymous_2)","decl":{"start":{"line":8,"column":2},"end":{"line":8,"column":3}},"loc":{"start":{"line":8,"column":26},"end":{"line":10,"column":3}},"line":8},"3":{"name":"(anonymous_3)","decl":{"start":{"line":11,"column":2},"end":{"line":11,"column":3}},"loc":{"start":{"line":11,"column":28},"end":{"line":13,"column":3}},"line":11}},"branchMap":{"0":{"loc":{"start":{"line":2,"column":13},"end":{"line":2,"column":16}},"type":"default-arg","locations":[{"start":{"line":2,"column":15},"end":{"line":2,"column":16}}],"line":2},"1":{"loc":{"start":{"line":2,"column":18},"end":{"line":2,"column":21}},"type":"default-arg","locations":[{"start":{"line":2,"column":20},"end":{"line":2,"column":21}}],"line":2},"2":{"loc":{"start":{"line":5,"column":18},"end":{"line":5,"column":21}},"type":"default-arg","locations":[{"start":{"line":5,"column":20},"end":{"line":5,"column":21}}],"line":5},"3":{"loc":{"start":{"line":5,"column":23},"end":{"line":5,"column":26}},"type":"default-arg","locations":[{"start":{"line":5,"column":25},"end":{"line":5,"column":26}}],"line":5},"4":{"loc":{"start":{"line":8,"column":16},"end":{"line":8,"column":19}},"type":"default-arg","locations":[{"start":{"line":8,"column":18},"end":{"line":8,"column":19}}],"line":8},"5":{"loc":{"start":{"line":8,"column":21},"end":{"line":8,"column":24}},"type":"default-arg","locations":[{"start":{"line":8,"column":23},"end":{"line":8,"column":24}}],"line":8},"6":{"loc":{"start":{"line":11,"column":18},"end":{"line":11,"column":21}},"type":"default-arg","locations":[{"start":{"line":11,"column":20},"end":{"line":11,"column":21}}],"line":11},"7":{"loc":{"start":{"line":11,"column":23},"end":{"line":11,"column":26}},"type":"default-arg","locations":[{"start":{"line":11,"column":25},"end":{"line":11,"column":26}}],"line":11}},"s":{"0":3,"1":3,"2":3,"3":3,"4":1},"f":{"0":3,"1":3,"2":3,"3":3},"b":{"0":[0],"1":[1],"2":[0],"3":[1],"4":[0],"5":[1],"6":[0],"7":[1]},"_coverageSchema":"1a1c01bbd47fc00a2c39e90264f33305004495a9","hash":"d5acd4a0a1fdaabc88c95a817c20f0576fce9e4f"}
,"/Users/huseyinbiyik/repos/testing-exercise/capitalize.js": {"path":"/Users/huseyinbiyik/repos/testing-exercise/capitalize.js","statementMap":{"0":{"start":{"line":1,"column":19},"end":{"line":3,"column":1}},"1":{"start":{"line":2,"column":2},"end":{"line":2,"column":58}},"2":{"start":{"line":4,"column":0},"end":{"line":4,"column":28}}},"fnMap":{"0":{"name":"(anonymous_0)","decl":{"start":{"line":1,"column":19},"end":{"line":1,"column":20}},"loc":{"start":{"line":1,"column":29},"end":{"line":3,"column":1}},"line":1}},"branchMap":{},"s":{"0":1,"1":1,"2":1},"f":{"0":1},"b":{},"_coverageSchema":"1a1c01bbd47fc00a2c39e90264f33305004495a9","hash":"5bf577724394e85f2bf6d42bf23e90cad2f2aaf2"}
,"/Users/huseyinbiyik/repos/testing-exercise/reverseString.js": {"path":"/Users/huseyinbiyik/repos/testing-exercise/reverseString.js","statementMap":{"0":{"start":{"line":1,"column":20},"end":{"line":3,"column":1}},"1":{"start":{"line":2,"column":2},"end":{"line":2,"column":45}},"2":{"start":{"line":4,"column":0},"end":{"line":4,"column":31}}},"fnMap":{"0":{"name":"(anonymous_0)","decl":{"start":{"line":1,"column":20},"end":{"line":1,"column":21}},"loc":{"start":{"line":1,"column":30},"end":{"line":3,"column":1}},"line":1}},"branchMap":{},"s":{"0":1,"1":1,"2":1},"f":{"0":1},"b":{},"_coverageSchema":"1a1c01bbd47fc00a2c39e90264f33305004495a9","hash":"f53c4d0c178eec4221f912d25e8fe8794a1b1473"}
,"/Users/huseyinbiyik/repos/testing-exercise/stringLength.js": {"path":"/Users/huseyinbiyik/repos/testing-exercise/stringLength.js","statementMap":{"0":{"start":{"line":1,"column":19},"end":{"line":9,"column":1}},"1":{"start":{"line":2,"column":2},"end":{"line":8,"column":3}},"2":{"start":{"line":3,"column":4},"end":{"line":5,"column":6}},"3":{"start":{"line":7,"column":4},"end":{"line":7,"column":25}},"4":{"start":{"line":11,"column":0},"end":{"line":11,"column":30}}},"fnMap":{"0":{"name":"(anonymous_0)","decl":{"start":{"line":1,"column":19},"end":{"line":1,"column":20}},"loc":{"start":{"line":1,"column":31},"end":{"line":9,"column":1}},"line":1}},"branchMap":{"0":{"loc":{"start":{"line":2,"column":2},"end":{"line":8,"column":3}},"type":"if","locations":[{"start":{"line":2,"column":2},"end":{"line":8,"column":3}},{"start":{"line":6,"column":9},"end":{"line":8,"column":3}}],"line":2},"1":{"loc":{"start":{"line":2,"column":6},"end":{"line":2,"column":45}},"type":"binary-expr","locations":[{"start":{"line":2,"column":6},"end":{"line":2,"column":23}},{"start":{"line":2,"column":27},"end":{"line":2,"column":45}}],"line":2}},"s":{"0":1,"1":2,"2":0,"3":1,"4":1},"f":{"0":2},"b":{"0":[0,1],"1":[2,1]},"_coverageSchema":"1a1c01bbd47fc00a2c39e90264f33305004495a9","hash":"a61012729f575633c331468202f8f7003dbc581f"}
}
